<?xml version="1.0" encoding="UTF-8"?>
<coverage generated="1729955955524" clover="3.2.0">
  <project timestamp="1729955955524" name="All files">
    <metrics statements="18" coveredstatements="12" conditionals="13" coveredconditionals="8" methods="3" coveredmethods="2" elements="34" coveredelements="22" complexity="0" loc="18" ncloc="18" packages="1" files="1" classes="1"/>
    <file name="quiz.js" path="C:\Users\THOBILE\Desktop\Shaper\Project\QuizApp\QuizApp\js\quiz.js">
      <metrics statements="18" coveredstatements="12" conditionals="13" coveredconditionals="8" methods="3" coveredmethods="2"/>
      <line num="2" count="1" type="stmt"/>
      <line num="3" count="1" type="stmt"/>
      <line num="5" count="1" type="stmt"/>
      <line num="37" count="3" type="cond" truecount="4" falsecount="0"/>
      <line num="38" count="2" type="stmt"/>
      <line num="41" count="1" type="stmt"/>
      <line num="43" count="1" type="cond" truecount="3" falsecount="2"/>
      <line num="44" count="1" type="stmt"/>
      <line num="47" count="0" type="stmt"/>
      <line num="54" count="1" type="stmt"/>
      <line num="57" count="1" type="stmt"/>
      <line num="59" count="1" type="cond" truecount="1" falsecount="1"/>
      <line num="60" count="1" type="stmt"/>
      <line num="64" count="0" type="cond" truecount="0" falsecount="2"/>
      <line num="65" count="0" type="stmt"/>
      <line num="68" count="0" type="stmt"/>
      <line num="69" count="0" type="stmt"/>
      <line num="75" count="0" type="stmt"/>
    </file>
  </project>
</coverage>
