<?xml version="1.0" encoding="UTF-8"?>
<coverage generated="1730106768358" clover="3.2.0">
  <project timestamp="1730106768358" name="All files">
    <metrics statements="23" coveredstatements="19" conditionals="17" coveredconditionals="13" methods="4" coveredmethods="3" elements="44" coveredelements="35" complexity="0" loc="23" ncloc="23" packages="1" files="1" classes="1"/>
    <file name="quiz.js" path="/Users/damacm196/Downloads/Quiz App/Quiz App/js/quiz.js">
      <metrics statements="23" coveredstatements="19" conditionals="17" coveredconditionals="13" methods="4" coveredmethods="3"/>
      <line num="2" count="1" type="stmt"/>
      <line num="3" count="1" type="stmt"/>
      <line num="5" count="1" type="stmt"/>
      <line num="34" count="3" type="cond" truecount="4" falsecount="0"/>
      <line num="35" count="2" type="stmt"/>
      <line num="38" count="1" type="stmt"/>
      <line num="40" count="1" type="cond" truecount="3" falsecount="2"/>
      <line num="41" count="1" type="stmt"/>
      <line num="44" count="0" type="stmt"/>
      <line num="51" count="3" type="stmt"/>
      <line num="54" count="3" type="cond" truecount="4" falsecount="0"/>
      <line num="55" count="2" type="stmt"/>
      <line num="58" count="1" type="stmt"/>
      <line num="60" count="1" type="cond" truecount="1" falsecount="1"/>
      <line num="61" count="0" type="stmt"/>
      <line num="64" count="1" type="stmt"/>
      <line num="66" count="1" type="cond" truecount="1" falsecount="1"/>
      <line num="67" count="0" type="stmt"/>
      <line num="73" count="1" type="stmt"/>
      <line num="80" count="0" type="stmt"/>
      <line num="83" count="1" type="stmt"/>
      <line num="84" count="4" type="stmt"/>
      <line num="85" count="4" type="stmt"/>
    </file>
  </project>
</coverage>
