{"/Users/damacm196/Downloads/Quiz App/Quiz App/js/quiz.js": {"path":"/Users/damacm196/Downloads/Quiz App/Quiz App/js/quiz.js","statementMap":{"0":{"start":{"line":2,"column":12},"end":{"line":2,"column":13}},"1":{"start":{"line":3,"column":22},"end":{"line":3,"column":23}},"2":{"start":{"line":5,"column":17},"end":{"line":31,"column":1}},"3":{"start":{"line":34,"column":4},"end":{"line":36,"column":5}},"4":{"start":{"line":35,"column":8},"end":{"line":35,"column":51}},"5":{"start":{"line":38,"column":24},"end":{"line":38,"column":54}},"6":{"start":{"line":40,"column":4},"end":{"line":42,"column":5}},"7":{"start":{"line":41,"column":8},"end":{"line":41,"column":64}},"8":{"start":{"line":44,"column":4},"end":{"line":47,"column":6}},"9":{"start":{"line":51,"column":24},"end":{"line":51,"column":49}},"10":{"start":{"line":54,"column":4},"end":{"line":56,"column":5}},"11":{"start":{"line":55,"column":8},"end":{"line":55,"column":52}},"12":{"start":{"line":58,"column":26},"end":{"line":58,"column":55}},"13":{"start":{"line":60,"column":4},"end":{"line":62,"column":5}},"14":{"start":{"line":61,"column":8},"end":{"line":61,"column":16}},"15":{"start":{"line":64,"column":4},"end":{"line":64,"column":22}},"16":{"start":{"line":66,"column":4},"end":{"line":71,"column":5}},"17":{"start":{"line":67,"column":8},"end":{"line":70,"column":10}},"18":{"start":{"line":73,"column":4},"end":{"line":76,"column":6}},"19":{"start":{"line":80,"column":4},"end":{"line":80,"column":17}},"20":{"start":{"line":83,"column":4},"end":{"line":86,"column":5}},"21":{"start":{"line":83,"column":17},"end":{"line":83,"column":33}},"22":{"start":{"line":84,"column":16},"end":{"line":84,"column":51}},"23":{"start":{"line":85,"column":6},"end":{"line":85,"column":50}}},"fnMap":{"0":{"name":"loadQuestion","decl":{"start":{"line":33,"column":9},"end":{"line":33,"column":21}},"loc":{"start":{"line":33,"column":44},"end":{"line":48,"column":1}},"line":33},"1":{"name":"checkAnswer","decl":{"start":{"line":50,"column":9},"end":{"line":50,"column":20}},"loc":{"start":{"line":50,"column":42},"end":{"line":77,"column":1}},"line":50},"2":{"name":"displayScore","decl":{"start":{"line":79,"column":9},"end":{"line":79,"column":21}},"loc":{"start":{"line":79,"column":24},"end":{"line":81,"column":1}},"line":79},"3":{"name":"shuffleQuestions","decl":{"start":{"line":82,"column":9},"end":{"line":82,"column":25}},"loc":{"start":{"line":82,"column":33},"end":{"line":87,"column":3}},"line":82}},"branchMap":{"0":{"loc":{"start":{"line":34,"column":4},"end":{"line":36,"column":5}},"type":"if","locations":[{"start":{"line":34,"column":4},"end":{"line":36,"column":5}},{"start":{},"end":{}}],"line":34},"1":{"loc":{"start":{"line":34,"column":8},"end":{"line":34,"column":75}},"type":"binary-expr","locations":[{"start":{"line":34,"column":8},"end":{"line":34,"column":32}},{"start":{"line":34,"column":36},"end":{"line":34,"column":75}}],"line":34},"2":{"loc":{"start":{"line":40,"column":4},"end":{"line":42,"column":5}},"type":"if","locations":[{"start":{"line":40,"column":4},"end":{"line":42,"column":5}},{"start":{},"end":{}}],"line":40},"3":{"loc":{"start":{"line":40,"column":8},"end":{"line":40,"column":84}},"type":"binary-expr","locations":[{"start":{"line":40,"column":8},"end":{"line":40,"column":20}},{"start":{"line":40,"column":24},"end":{"line":40,"column":45}},{"start":{"line":40,"column":49},"end":{"line":40,"column":84}}],"line":40},"4":{"loc":{"start":{"line":54,"column":4},"end":{"line":56,"column":5}},"type":"if","locations":[{"start":{"line":54,"column":4},"end":{"line":56,"column":5}},{"start":{},"end":{}}],"line":54},"5":{"loc":{"start":{"line":54,"column":8},"end":{"line":54,"column":73}},"type":"binary-expr","locations":[{"start":{"line":54,"column":8},"end":{"line":54,"column":41}},{"start":{"line":54,"column":45},"end":{"line":54,"column":73}}],"line":54},"6":{"loc":{"start":{"line":60,"column":4},"end":{"line":62,"column":5}},"type":"if","locations":[{"start":{"line":60,"column":4},"end":{"line":62,"column":5}},{"start":{},"end":{}}],"line":60},"7":{"loc":{"start":{"line":66,"column":4},"end":{"line":71,"column":5}},"type":"if","locations":[{"start":{"line":66,"column":4},"end":{"line":71,"column":5}},{"start":{},"end":{}}],"line":66}},"s":{"0":1,"1":1,"2":1,"3":3,"4":2,"5":1,"6":1,"7":1,"8":0,"9":3,"10":3,"11":2,"12":1,"13":1,"14":0,"15":1,"16":1,"17":0,"18":1,"19":0,"20":1,"21":1,"22":4,"23":4},"f":{"0":3,"1":3,"2":0,"3":1},"b":{"0":[2,1],"1":[3,2],"2":[1,0],"3":[1,1,0],"4":[2,1],"5":[3,2],"6":[0,1],"7":[0,1]},"_coverageSchema":"1a1c01bbd47fc00a2c39e90264f33305004495a9","hash":"fc6deee2aaf5b083cdd7c445b57b4fd40e079c57"}
}
