{"C:\\Users\\THOBILE\\Desktop\\Shaper\\Project\\QuizApp\\QuizApp\\js\\quiz.js": {"path":"C:\\Users\\THOBILE\\Desktop\\Shaper\\Project\\QuizApp\\QuizApp\\js\\quiz.js","statementMap":{"0":{"start":{"line":2,"column":12},"end":{"line":2,"column":13}},"1":{"start":{"line":3,"column":22},"end":{"line":3,"column":23}},"2":{"start":{"line":5,"column":16},"end":{"line":32,"column":1}},"3":{"start":{"line":37,"column":4},"end":{"line":39,"column":5}},"4":{"start":{"line":38,"column":8},"end":{"line":38,"column":51}},"5":{"start":{"line":41,"column":24},"end":{"line":41,"column":49}},"6":{"start":{"line":43,"column":4},"end":{"line":45,"column":5}},"7":{"start":{"line":44,"column":8},"end":{"line":44,"column":64}},"8":{"start":{"line":47,"column":4},"end":{"line":50,"column":10}},"9":{"start":{"line":54,"column":24},"end":{"line":54,"column":49}},"10":{"start":{"line":57,"column":26},"end":{"line":57,"column":55}},"11":{"start":{"line":59,"column":4},"end":{"line":61,"column":5}},"12":{"start":{"line":60,"column":8},"end":{"line":60,"column":52}},"13":{"start":{"line":64,"column":4},"end":{"line":66,"column":5}},"14":{"start":{"line":65,"column":4},"end":{"line":65,"column":12}},"15":{"start":{"line":68,"column":4},"end":{"line":68,"column":22}},"16":{"start":{"line":69,"column":4},"end":{"line":69,"column":17}},"17":{"start":{"line":75,"column":4},"end":{"line":75,"column":17}}},"fnMap":{"0":{"name":"loadQuestion","decl":{"start":{"line":35,"column":9},"end":{"line":35,"column":21}},"loc":{"start":{"line":35,"column":38},"end":{"line":51,"column":1}},"line":35},"1":{"name":"checkAnswer","decl":{"start":{"line":53,"column":9},"end":{"line":53,"column":20}},"loc":{"start":{"line":53,"column":42},"end":{"line":70,"column":1}},"line":53},"2":{"name":"displayScore","decl":{"start":{"line":73,"column":9},"end":{"line":73,"column":21}},"loc":{"start":{"line":73,"column":23},"end":{"line":76,"column":1}},"line":73}},"branchMap":{"0":{"loc":{"start":{"line":37,"column":4},"end":{"line":39,"column":5}},"type":"if","locations":[{"start":{"line":37,"column":4},"end":{"line":39,"column":5}},{"start":{},"end":{}}],"line":37},"1":{"loc":{"start":{"line":37,"column":8},"end":{"line":37,"column":65}},"type":"binary-expr","locations":[{"start":{"line":37,"column":8},"end":{"line":37,"column":27}},{"start":{"line":37,"column":31},"end":{"line":37,"column":65}}],"line":37},"2":{"loc":{"start":{"line":43,"column":4},"end":{"line":45,"column":5}},"type":"if","locations":[{"start":{"line":43,"column":4},"end":{"line":45,"column":5}},{"start":{},"end":{}}],"line":43},"3":{"loc":{"start":{"line":43,"column":8},"end":{"line":43,"column":84}},"type":"binary-expr","locations":[{"start":{"line":43,"column":8},"end":{"line":43,"column":20}},{"start":{"line":43,"column":24},"end":{"line":43,"column":45}},{"start":{"line":43,"column":49},"end":{"line":43,"column":84}}],"line":43},"4":{"loc":{"start":{"line":59,"column":4},"end":{"line":61,"column":5}},"type":"if","locations":[{"start":{"line":59,"column":4},"end":{"line":61,"column":5}},{"start":{},"end":{}}],"line":59},"5":{"loc":{"start":{"line":64,"column":4},"end":{"line":66,"column":5}},"type":"if","locations":[{"start":{"line":64,"column":4},"end":{"line":66,"column":5}},{"start":{},"end":{}}],"line":64}},"s":{"0":1,"1":1,"2":1,"3":3,"4":2,"5":1,"6":1,"7":1,"8":0,"9":1,"10":1,"11":1,"12":1,"13":0,"14":0,"15":0,"16":0,"17":0},"f":{"0":3,"1":1,"2":0},"b":{"0":[2,1],"1":[3,2],"2":[1,0],"3":[1,1,0],"4":[1,0],"5":[0,0]},"_coverageSchema":"1a1c01bbd47fc00a2c39e90264f33305004495a9","hash":"05f53af90c088ff695b57d6315250c19eafb41c0"}
}
