TN:
SF:js\quiz.js
FN:35,loadQuestion
FN:53,checkAnswer
FN:73,displayScore
FNF:3
FNH:2
FNDA:3,loadQuestion
FNDA:1,checkAnswer
FNDA:0,displayScore
DA:2,1
DA:3,1
DA:5,1
DA:37,3
DA:38,2
DA:41,1
DA:43,1
DA:44,1
DA:47,0
DA:54,1
DA:57,1
DA:59,1
DA:60,1
DA:64,0
DA:65,0
DA:68,0
DA:69,0
DA:75,0
LF:18
LH:12
BRDA:37,0,0,2
BRDA:37,0,1,1
BRDA:37,1,0,3
BRDA:37,1,1,2
BRDA:43,2,0,1
BRDA:43,2,1,0
BRDA:43,3,0,1
BRDA:43,3,1,1
BRDA:43,3,2,0
BRDA:59,4,0,1
BRDA:59,4,1,0
BRDA:64,5,0,0
BRDA:64,5,1,0
BRF:13
BRH:8
end_of_record
