TN:
SF:js/quiz.js
FN:33,loadQuestion
FN:50,checkAnswer
FN:79,displayScore
FN:82,shuffleQuestions
FNF:4
FNH:3
FNDA:3,loadQuestion
FNDA:3,checkAnswer
FNDA:0,displayScore
FNDA:1,shuffleQuestions
DA:2,1
DA:3,1
DA:5,1
DA:34,3
DA:35,2
DA:38,1
DA:40,1
DA:41,1
DA:44,0
DA:51,3
DA:54,3
DA:55,2
DA:58,1
DA:60,1
DA:61,0
DA:64,1
DA:66,1
DA:67,0
DA:73,1
DA:80,0
DA:83,1
DA:84,4
DA:85,4
LF:23
LH:19
BRDA:34,0,0,2
BRDA:34,0,1,1
BRDA:34,1,0,3
BRDA:34,1,1,2
BRDA:40,2,0,1
BRDA:40,2,1,0
BRDA:40,3,0,1
BRDA:40,3,1,1
BRDA:40,3,2,0
BRDA:54,4,0,2
BRDA:54,4,1,1
BRDA:54,5,0,3
BRDA:54,5,1,2
BRDA:60,6,0,0
BRDA:60,6,1,1
BRDA:66,7,0,0
BRDA:66,7,1,1
BRF:17
BRH:13
end_of_record
